{"/Users/alejandroalbitestapia/Desktop/ale/NTTDATA/Ejercicio-15/dist/src/Ejercicio15.js": {"path":"/Users/alejandroalbitestapia/Desktop/ale/NTTDATA/Ejercicio-15/dist/src/Ejercicio15.js","statementMap":{"0":{"start":{"line":2,"column":0},"end":{"line":2,"column":62}},"1":{"start":{"line":3,"column":16},"end":{"line":13,"column":1}},"2":{"start":{"line":5,"column":4},"end":{"line":12,"column":7}},"3":{"start":{"line":6,"column":8},"end":{"line":9,"column":9}},"4":{"start":{"line":7,"column":12},"end":{"line":7,"column":22}},"5":{"start":{"line":8,"column":12},"end":{"line":8,"column":102}},"6":{"start":{"line":10,"column":8},"end":{"line":10,"column":19}},"7":{"start":{"line":11,"column":8},"end":{"line":11,"column":73}},"8":{"start":{"line":14,"column":0},"end":{"line":14,"column":26}}},"fnMap":{"0":{"name":"(anonymous_0)","decl":{"start":{"line":3,"column":16},"end":{"line":3,"column":17}},"loc":{"start":{"line":3,"column":28},"end":{"line":13,"column":1}},"line":3},"1":{"name":"(anonymous_1)","decl":{"start":{"line":5,"column":23},"end":{"line":5,"column":24}},"loc":{"start":{"line":5,"column":44},"end":{"line":12,"column":5}},"line":5}},"branchMap":{"0":{"loc":{"start":{"line":6,"column":8},"end":{"line":9,"column":9}},"type":"if","locations":[{"start":{"line":6,"column":8},"end":{"line":9,"column":9}},{"start":{},"end":{}}],"line":6}},"s":{"0":1,"1":1,"2":2,"3":2,"4":1,"5":1,"6":2,"7":2,"8":1},"f":{"0":2,"1":2},"b":{"0":[1,1]},"inputSourceMap":null,"_coverageSchema":"1a1c01bbd47fc00a2c39e90264f33305004495a9","hash":"7f7835380c76c8511123605559d87566bfa95db4"}
,"/Users/alejandroalbitestapia/Desktop/ale/NTTDATA/Ejercicio-15/src/Ejercicio15.ts": {"path":"/Users/alejandroalbitestapia/Desktop/ale/NTTDATA/Ejercicio-15/src/Ejercicio15.ts","statementMap":{"0":{"start":{"line":19,"column":16},"end":{"line":32,"column":1}},"1":{"start":{"line":22,"column":2},"end":{"line":31,"column":5}},"2":{"start":{"line":23,"column":4},"end":{"line":28,"column":null}},"3":{"start":{"line":24,"column":6},"end":{"line":24,"column":16}},"4":{"start":{"line":25,"column":6},"end":{"line":27,"column":8}},"5":{"start":{"line":29,"column":4},"end":{"line":29,"column":15}},"6":{"start":{"line":30,"column":4},"end":{"line":30,"column":69}},"7":{"start":{"line":39,"column":0},"end":{"line":39,"column":23}}},"fnMap":{"0":{"name":"(anonymous_0)","decl":{"start":{"line":19,"column":16},"end":{"line":19,"column":17}},"loc":{"start":{"line":19,"column":36},"end":{"line":32,"column":1}}},"1":{"name":"(anonymous_1)","decl":{"start":{"line":22,"column":21},"end":{"line":22,"column":22}},"loc":{"start":{"line":22,"column":41},"end":{"line":31,"column":3}}}},"branchMap":{"0":{"loc":{"start":{"line":23,"column":4},"end":{"line":28,"column":null}},"type":"if","locations":[{"start":{"line":23,"column":4},"end":{"line":28,"column":null}}]}},"s":{"0":1,"1":2,"2":2,"3":1,"4":1,"5":2,"6":2,"7":1},"f":{"0":2,"1":2},"b":{"0":[1]}}
}
